<?xml version="1.0" encoding="UTF-8" standalone="no"?><testsuite errors="1" failures="0" name="Purchase flow on SauceDemo" skipped="0" tests="1" time="11.02" timestamp="2026-04-01 08:11:22"><testcase name="Successful product purchase with two items"><error message="invalid argument&#10;  (Session info: MicrosoftEdge=146.0.3856.84)&#10;Build info: version: '4.41.0', revision: '9fc754f'&#10;System info: os.name: 'Windows 10', os.arch: 'amd64', os.version: '10.0', java.version: '17'&#10;Driver info: org.openqa.selenium.edge.EdgeDriver&#10;Command: [cdeb52b1a4d65a0a97ee3b5b3945d344, get {url=environments.webdriver.base.url}]&#10;Capabilities {acceptInsecureCerts: false, browserName: MicrosoftEdge, browserVersion: 146.0.3856.84, fedcm:accounts: true, goog:processID: 828, ms:edgeOptions: {debuggerAddress: localhost:60021}, msedge: {msedgedriverVersion: 146.0.3856.84 (fe100ed2d0fb..., userDataDir: C:\Users\albas\AppData\Loca...}, networkConnectionEnabled: false, pageLoadStrategy: normal, platformName: windows, proxy: Proxy(), se:cdp: ws://localhost:60021/devtoo..., se:cdpVersion: 146.0.3856.84, setWindowRect: true, strictFileInteractability: false, timeouts: {implicit: 0, pageLoad: 300000, script: 30000}, unhandledPromptBehavior: dismiss and notify, webauthn:extension:credBlob: true, webauthn:extension:largeBlob: true, webauthn:extension:minPinLength: true, webauthn:extension:prf: true, webauthn:virtualAuthenticators: true}&#10;Session ID: cdeb52b1a4d65a0a97ee3b5b3945d344" type="org.openqa.selenium.InvalidArgumentException">invalid argument
  (Session info: MicrosoftEdge=146.0.3856.84)
Build info: version: '4.41.0', revision: '9fc754f'
System info: os.name: 'Windows 10', os.arch: 'amd64', os.version: '10.0', java.version: '17'
Driver info: org.openqa.selenium.edge.EdgeDriver
Command: [cdeb52b1a4d65a0a97ee3b5b3945d344, get {url=environments.webdriver.base.url}]
Capabilities {acceptInsecureCerts: false, browserName: MicrosoftEdge, browserVersion: 146.0.3856.84, fedcm:accounts: true, goog:processID: 828, ms:edgeOptions: {debuggerAddress: localhost:60021}, msedge: {msedgedriverVersion: 146.0.3856.84 (fe100ed2d0fb..., userDataDir: C:\Users\albas\AppData\Loca...}, networkConnectionEnabled: false, pageLoadStrategy: normal, platformName: windows, proxy: Proxy(), se:cdp: ws://localhost:60021/devtoo..., se:cdpVersion: 146.0.3856.84, setWindowRect: true, strictFileInteractability: false, timeouts: {implicit: 0, pageLoad: 300000, script: 30000}, unhandledPromptBehavior: dismiss and notify, webauthn:extension:credBlob: true, webauthn:extension:largeBlob: true, webauthn:extension:minPinLength: true, webauthn:extension:prf: true, webauthn:virtualAuthenticators: true}
Session ID: cdeb52b1a4d65a0a97ee3b5b3945d344</error><system-err>invalid argument
  (Session info: MicrosoftEdge=146.0.3856.84)
Build info: version: '4.41.0', revision: '9fc754f'
System info: os.name: 'Windows 10', os.arch: 'amd64', os.version: '10.0', java.version: '17'
Driver info: org.openqa.selenium.edge.EdgeDriver
Command: [cdeb52b1a4d65a0a97ee3b5b3945d344, get {url=environments.webdriver.base.url}]
Capabilities {acceptInsecureCerts: false, browserName: MicrosoftEdge, browserVersion: 146.0.3856.84, fedcm:accounts: true, goog:processID: 828, ms:edgeOptions: {debuggerAddress: localhost:60021}, msedge: {msedgedriverVersion: 146.0.3856.84 (fe100ed2d0fb..., userDataDir: C:\Users\albas\AppData\Loca...}, networkConnectionEnabled: false, pageLoadStrategy: normal, platformName: windows, proxy: Proxy(), se:cdp: ws://localhost:60021/devtoo..., se:cdpVersion: 146.0.3856.84, setWindowRect: true, strictFileInteractability: false, timeouts: {implicit: 0, pageLoad: 300000, script: 30000}, unhandledPromptBehavior: dismiss and notify, webauthn:extension:credBlob: true, webauthn:extension:largeBlob: true, webauthn:extension:minPinLength: true, webauthn:extension:prf: true, webauthn:virtualAuthenticators: true}
Session ID: cdeb52b1a4d65a0a97ee3b5b3945d344&#13;
org.challenge.stepDefinition.PurchaseStep.theUserIsOnTheLoginPage(PurchaseStep.java:34)&#13;
✽.the user is on the SauceDemo login page(classpath:features/purchase.feature:5)&#13;
</system-err></testcase></testsuite>